0 info it worked if it ends with ok
1 verbose cli [ 'C:\\Program Files\\nodejs\\node.exe',
1 verbose cli   'C:\\Program Files\\nodejs\\node_modules\\npm\\bin\\npm-cli.js',
1 verbose cli   'start' ]
2 info using npm@3.8.3
3 info using node@v5.10.0
4 verbose run-script [ 'prestart', 'start', 'poststart' ]
5 info lifecycle sunsoft@1.0.0~prestart: sunsoft@1.0.0
6 silly lifecycle sunsoft@1.0.0~prestart: no script for prestart, continuing
7 info lifecycle sunsoft@1.0.0~start: sunsoft@1.0.0
8 verbose lifecycle sunsoft@1.0.0~start: unsafe-perm in lifecycle true
9 verbose lifecycle sunsoft@1.0.0~start: PATH: C:\Program Files\nodejs\node_modules\npm\bin\node-gyp-bin;F:\1102React35\Sunsoft\node_modules\.bin;C:\Program Files\nodejs;H:\develop\jdk2\install\Java\jdk1.8.0_31\bin;H:\develop\jdk2\install\Java\jdk1.8.0_31\jre\bin;C:\ProgramData\Oracle\Java\javapath;C:\Windows\system32;C:\Windows;C:\Windows\System32\Wbem;C:\Windows\System32\WindowsPowerShell\v1.0\;C:\Program Files (x86)\NVIDIA Corporation\PhysX\Common;C:\Program Files\nodejs\;H:\develop\python\install\Python27;H:\develop\studio\install\sdk\tools;H:\develop\studio\install\sdk\platform-tools;H:\develop\git\install\Git\cmd;H:\develop\tortoise\install\TortoiseGit\bin;ANDROID_NDK;H:\develop\svn\install\bin;C:\WINDOWS\system32;C:\WINDOWS;C:\WINDOWS\System32\Wbem;C:\WINDOWS\System32\WindowsPowerShell\v1.0\;C:\Users\Administrator\AppData\Roaming\npm;%USERPROFILE%\AppData\Local\Microsoft\WindowsApps;
10 verbose lifecycle sunsoft@1.0.0~start: CWD: F:\1102React35\Sunsoft
11 silly lifecycle sunsoft@1.0.0~start: Args: [ '/d /s /c',
11 silly lifecycle   'node node_modules/react-native/local-cli/cli.js start' ]
12 silly lifecycle sunsoft@1.0.0~start: Returned: code: 11  signal: null
13 info lifecycle sunsoft@1.0.0~start: Failed to exec start script
14 verbose stack Error: sunsoft@1.0.0 start: `node node_modules/react-native/local-cli/cli.js start`
14 verbose stack Exit status 11
14 verbose stack     at EventEmitter.<anonymous> (C:\Program Files\nodejs\node_modules\npm\lib\utils\lifecycle.js:239:16)
14 verbose stack     at emitTwo (events.js:100:13)
14 verbose stack     at EventEmitter.emit (events.js:185:7)
14 verbose stack     at ChildProcess.<anonymous> (C:\Program Files\nodejs\node_modules\npm\lib\utils\spawn.js:24:14)
14 verbose stack     at emitTwo (events.js:100:13)
14 verbose stack     at ChildProcess.emit (events.js:185:7)
14 verbose stack     at maybeClose (internal/child_process.js:850:16)
14 verbose stack     at Process.ChildProcess._handle.onexit (internal/child_process.js:215:5)
15 verbose pkgid sunsoft@1.0.0
16 verbose cwd F:\1102React35\Sunsoft
17 error Windows_NT 10.0.14393
18 error argv "C:\\Program Files\\nodejs\\node.exe" "C:\\Program Files\\nodejs\\node_modules\\npm\\bin\\npm-cli.js" "start"
19 error node v5.10.0
20 error npm  v3.8.3
21 error code ELIFECYCLE
22 error sunsoft@1.0.0 start: `node node_modules/react-native/local-cli/cli.js start`
22 error Exit status 11
23 error Failed at the sunsoft@1.0.0 start script 'node node_modules/react-native/local-cli/cli.js start'.
23 error Make sure you have the latest version of node.js and npm installed.
23 error If you do, this is most likely a problem with the sunsoft package,
23 error not with npm itself.
23 error Tell the author that this fails on your system:
23 error     node node_modules/react-native/local-cli/cli.js start
23 error You can get information on how to open an issue for this project with:
23 error     npm bugs sunsoft
23 error Or if that isn't available, you can get their info via:
23 error     npm owner ls sunsoft
23 error There is likely additional logging output above.
24 verbose exit [ 1, true ]
